0 info it worked if it ends with ok
1 verbose cli [ '/usr/local/bin/node', '/usr/local/bin/npm', 'i', '-g', '@vue/cli-' ]
2 info using npm@6.14.11
3 info using node@v14.15.5
4 verbose npm-session a799106502fcff8d
5 silly install loadCurrentTree
6 silly install readGlobalPackageData
7 http fetch GET 404 https://registry.npmjs.org/@vue%2fcli- 866ms
8 http fetch GET 404 https://registry.npmjs.org/@vue%2fcli- 802ms
9 silly fetchPackageMetaData error for @vue/cli-@latest 404 Not Found - GET https://registry.npmjs.org/@vue%2fcli- - Not found
10 timing stage:rollbackFailedOptional Completed in 1ms
11 timing stage:runTopLevelLifecycles Completed in 1702ms
12 verbose stack Error: 404 Not Found - GET https://registry.npmjs.org/@vue%2fcli- - Not found
12 verbose stack     at /usr/local/lib/node_modules/npm/node_modules/npm-registry-fetch/check-response.js:117:15
12 verbose stack     at processTicksAndRejections (internal/process/task_queues.js:93:5)
13 verbose statusCode 404
14 verbose pkgid @vue/cli-@latest
15 verbose cwd /Users/whdms3368/Desktop/ocbts-admin-front-test
16 verbose Darwin 20.3.0
17 verbose argv "/usr/local/bin/node" "/usr/local/bin/npm" "i" "-g" "@vue/cli-"
18 verbose node v14.15.5
19 verbose npm  v6.14.11
20 error code E404
21 error 404 Not Found - GET https://registry.npmjs.org/@vue%2fcli- - Not found
22 error 404
23 error 404 '@vue/cli-@latest' is not in the npm registry.
24 error 404 You should bug the author to publish it (or use the name yourself!)
25 error 404 Note that you can also install from a
26 error 404 tarball, folder, http url, or git url.
27 verbose exit [ 1, true ]
