0 info it worked if it ends with ok
1 verbose cli [ '/usr/local/bin/node', '/usr/local/bin/npm', 'run', 'serve' ]
2 info using npm@6.14.11
3 info using node@v14.15.5
4 verbose run-script [ 'preserve', 'serve', 'postserve' ]
5 info lifecycle ocbts-admin-front-test@0.1.0~preserve: ocbts-admin-front-test@0.1.0
6 info lifecycle ocbts-admin-front-test@0.1.0~serve: ocbts-admin-front-test@0.1.0
7 verbose lifecycle ocbts-admin-front-test@0.1.0~serve: unsafe-perm in lifecycle true
8 verbose lifecycle ocbts-admin-front-test@0.1.0~serve: PATH: /usr/local/lib/node_modules/npm/node_modules/npm-lifecycle/node-gyp-bin:/Users/whdms3368/Desktop/ocbts-admin-front-test/node_modules/.bin:/usr/local/opt/php@7.4/sbin:/usr/local/opt/php@7.4/bin:/usr/local/bin:/usr/bin:/bin:/usr/sbin:/sbin
9 verbose lifecycle ocbts-admin-front-test@0.1.0~serve: CWD: /Users/whdms3368/Desktop/ocbts-admin-front-test
10 silly lifecycle ocbts-admin-front-test@0.1.0~serve: Args: [ '-c', 'vue-cli-service serve' ]
11 silly lifecycle ocbts-admin-front-test@0.1.0~serve: Returned: code: 1  signal: null
12 info lifecycle ocbts-admin-front-test@0.1.0~serve: Failed to exec serve script
13 verbose stack Error: ocbts-admin-front-test@0.1.0 serve: `vue-cli-service serve`
13 verbose stack Exit status 1
13 verbose stack     at EventEmitter.<anonymous> (/usr/local/lib/node_modules/npm/node_modules/npm-lifecycle/index.js:332:16)
13 verbose stack     at EventEmitter.emit (events.js:315:20)
13 verbose stack     at ChildProcess.<anonymous> (/usr/local/lib/node_modules/npm/node_modules/npm-lifecycle/lib/spawn.js:55:14)
13 verbose stack     at ChildProcess.emit (events.js:315:20)
13 verbose stack     at maybeClose (internal/child_process.js:1048:16)
13 verbose stack     at Process.ChildProcess._handle.onexit (internal/child_process.js:288:5)
14 verbose pkgid ocbts-admin-front-test@0.1.0
15 verbose cwd /Users/whdms3368/Desktop/ocbts-admin-front-test
16 verbose Darwin 20.3.0
17 verbose argv "/usr/local/bin/node" "/usr/local/bin/npm" "run" "serve"
18 verbose node v14.15.5
19 verbose npm  v6.14.11
20 error code ELIFECYCLE
21 error errno 1
22 error ocbts-admin-front-test@0.1.0 serve: `vue-cli-service serve`
22 error Exit status 1
23 error Failed at the ocbts-admin-front-test@0.1.0 serve script.
23 error This is probably not a problem with npm. There is likely additional logging output above.
24 verbose exit [ 1, true ]
